<?xml version="1.0" encoding="UTF-8"?>
<!-- Generated by org.testng.reporters.JUnitReportReporter -->
<testsuite hostname="EGCA1-0091" failures="0" tests="2" name="test_cases.TestCase001_Registeration" time="12.659" errors="0" timestamp="2022-08-11T00:48:44 EET" skipped="0">
  <testcase classname="test_cases.TestCase001_Registeration" name="startApplication" time="4.050"/>
  <system-out/>
  <testcase classname="test_cases.TestCase001_Registeration" name="registration" time="8.609"/>
  <system-out/>
</testsuite> <!-- test_cases.TestCase001_Registeration -->
