<?xml version="1.0" encoding="UTF-8"?>
<!-- Generated by org.testng.reporters.JUnitReportReporter -->
<testsuite hostname="EGCA1-0091" failures="0" tests="4" name="test_cases.TestCase002_BuyProduct" time="30.503" errors="0" timestamp="2022-08-11T00:48:44 EET" skipped="0">
  <testcase classname="test_cases.TestCase002_BuyProduct" name="startApplication" time="4.732"/>
  <system-out/>
  <testcase classname="test_cases.TestCase002_BuyProduct" name="login" time="6.473"/>
  <system-out/>
  <testcase classname="test_cases.TestCase002_BuyProduct" name="hoverWomanList" time="9.253"/>
  <system-out/>
  <testcase classname="test_cases.TestCase002_BuyProduct" name="addItemToCard" time="10.045"/>
  <system-out/>
</testsuite> <!-- test_cases.TestCase002_BuyProduct -->
